{"J:\\odinbook\\odinbook-server\\accounts\\controllers\\register.js": {"path":"J:\\odinbook\\odinbook-server\\accounts\\controllers\\register.js","statementMap":{"0":{"start":{"line":3,"column":29},"end":{"line":31,"column":1}},"1":{"start":{"line":4,"column":4},"end":{"line":30,"column":5}},"2":{"start":{"line":11,"column":12},"end":{"line":11,"column":20}},"3":{"start":{"line":12,"column":8},"end":{"line":29,"column":9}},"4":{"start":{"line":13,"column":25},"end":{"line":19,"column":14}},"5":{"start":{"line":21,"column":12},"end":{"line":23,"column":14}},"6":{"start":{"line":25,"column":12},"end":{"line":28,"column":15}}},"fnMap":{"0":{"name":"(anonymous_0)","decl":{"start":{"line":3,"column":29},"end":{"line":3,"column":30}},"loc":{"start":{"line":3,"column":36},"end":{"line":31,"column":1}},"line":3},"1":{"name":"(anonymous_1)","decl":{"start":{"line":4,"column":11},"end":{"line":4,"column":12}},"loc":{"start":{"line":4,"column":29},"end":{"line":30,"column":5}},"line":4}},"branchMap":{},"s":{"0":1,"1":1,"2":1,"3":1,"4":1,"5":1,"6":0},"f":{"0":1,"1":1},"b":{},"_coverageSchema":"1a1c01bbd47fc00a2c39e90264f33305004495a9","hash":"3cd28ea1cc58f61d70dbf4c90efc920e2b855021"}
,"J:\\odinbook\\odinbook-server\\accounts\\models\\user.js": {"path":"J:\\odinbook\\odinbook-server\\accounts\\models\\user.js","statementMap":{"0":{"start":{"line":3,"column":19},"end":{"line":30,"column":2}},"1":{"start":{"line":32,"column":20},"end":{"line":32,"column":49}}},"fnMap":{},"branchMap":{},"s":{"0":1,"1":1},"f":{},"b":{},"_coverageSchema":"1a1c01bbd47fc00a2c39e90264f33305004495a9","hash":"2bcb7c5c12add5829f1e7be4510a2bcd3d560890"}
,"J:\\odinbook\\odinbook-server\\accounts\\routes\\routes.js": {"path":"J:\\odinbook\\odinbook-server\\accounts\\routes\\routes.js","statementMap":{"0":{"start":{"line":4,"column":15},"end":{"line":4,"column":23}},"1":{"start":{"line":6,"column":22},"end":{"line":11,"column":1}},"2":{"start":{"line":7,"column":4},"end":{"line":7,"column":43}},"3":{"start":{"line":8,"column":4},"end":{"line":8,"column":65}},"4":{"start":{"line":8,"column":38},"end":{"line":8,"column":63}},"5":{"start":{"line":10,"column":4},"end":{"line":10,"column":17}}},"fnMap":{"0":{"name":"(anonymous_0)","decl":{"start":{"line":6,"column":22},"end":{"line":6,"column":23}},"loc":{"start":{"line":6,"column":29},"end":{"line":11,"column":1}},"line":6},"1":{"name":"(anonymous_1)","decl":{"start":{"line":8,"column":24},"end":{"line":8,"column":25}},"loc":{"start":{"line":8,"column":37},"end":{"line":8,"column":64}},"line":8}},"branchMap":{},"s":{"0":1,"1":1,"2":1,"3":1,"4":0,"5":1},"f":{"0":1,"1":0},"b":{},"_coverageSchema":"1a1c01bbd47fc00a2c39e90264f33305004495a9","hash":"ed2506555b382b3810bcef02507a0a95a80067a5"}
,"J:\\odinbook\\odinbook-server\\zghost\\app\\init.js": {"path":"J:\\odinbook\\odinbook-server\\zghost\\app\\init.js","statementMap":{"0":{"start":{"line":4,"column":12},"end":{"line":4,"column":21}},"1":{"start":{"line":5,"column":15},"end":{"line":5,"column":29}}},"fnMap":{},"branchMap":{},"s":{"0":1,"1":1},"f":{},"b":{},"_coverageSchema":"1a1c01bbd47fc00a2c39e90264f33305004495a9","hash":"fd8f1cee956995dd24a3b016de73c1e28fd262c7"}
,"J:\\odinbook\\odinbook-server\\zghost\\db\\model.js": {"path":"J:\\odinbook\\odinbook-server\\zghost\\db\\model.js","statementMap":{"0":{"start":{"line":7,"column":8},"end":{"line":7,"column":45}}},"fnMap":{"0":{"name":"(anonymous_0)","decl":{"start":{"line":6,"column":4},"end":{"line":6,"column":5}},"loc":{"start":{"line":6,"column":40},"end":{"line":8,"column":5}},"line":6}},"branchMap":{},"s":{"0":1},"f":{"0":1},"b":{},"_coverageSchema":"1a1c01bbd47fc00a2c39e90264f33305004495a9","hash":"0f3e8cf9dc6203f80d831280037d2c4900647377"}
}
